# JRE version: OpenJDK Runtime Environment (8.0_112-b06) (build 1.8.0_112-release-b06)
# Java VM: OpenJDK 64-Bit Server VM (25.112-b06 mixed mode windows-amd64 compressed oops)
Heap:
 PSYoungGen      total 275456K, used 54688K [0x00000000e0000000, 0x00000000f6a00000, 0x0000000100000000)
  eden space 252928K, 15% used [0x00000000e0000000,0x00000000e2653a98,0x00000000ef700000)
  from space 22528K, 68% used [0x00000000ef700000,0x00000000f06148f8,0x00000000f0d00000)
  to   space 23040K, 0% used [0x00000000f5380000,0x00000000f5380000,0x00000000f6a00000)
 ParOldGen       total 123904K, used 53213K [0x00000000a0000000, 0x00000000a7900000, 0x00000000e0000000)
  object space 123904K, 42% used [0x00000000a0000000,0x00000000a33f7688,0x00000000a7900000)
 Metaspace       used 68807K, capacity 72800K, committed 73088K, reserved 1112064K
  class space    used 8913K, capacity 9549K, committed 9600K, reserved 1048576K
GC Heap History (10 events):
Event: 3411.115 GC heap before
{Heap before GC invocations=22 (full 3):
 PSYoungGen      total 163328K, used 152436K [0x00000000e0000000, 0x00000000eb500000, 0x0000000100000000)
  eden space 144384K, 100% used [0x00000000e0000000,0x00000000e8d00000,0x00000000e8d00000)
  from space 18944K, 42% used [0x00000000ea280000,0x00000000eaa5d190,0x00000000eb500000)
  to   space 20480K, 0% used [0x00000000e8d00000,0x00000000e8d00000,0x00000000ea100000)
 ParOldGen       total 123904K, used 41562K [0x00000000a0000000, 0x00000000a7900000, 0x00000000e0000000)
  object space 123904K, 33% used [0x00000000a0000000,0x00000000a28968b0,0x00000000a7900000)
 Metaspace       used 62291K, capacity 64924K, committed 65024K, reserved 1105920K
  class space    used 8204K, capacity 8684K, committed 8704K, reserved 1048576K
Event: 3411.156 GC heap after
Heap after GC invocations=22 (full 3):
 PSYoungGen      total 164864K, used 17193K [0x00000000e0000000, 0x00000000eea00000, 0x0000000100000000)
  eden space 144384K, 0% used [0x00000000e0000000,0x00000000e0000000,0x00000000e8d00000)
  from space 20480K, 83% used [0x00000000e8d00000,0x00000000e9dca6a0,0x00000000ea100000)
  to   space 22016K, 0% used [0x00000000ed480000,0x00000000ed480000,0x00000000eea00000)
 ParOldGen       total 123904K, used 41570K [0x00000000a0000000, 0x00000000a7900000, 0x00000000e0000000)
  object space 123904K, 33% used [0x00000000a0000000,0x00000000a28988b0,0x00000000a7900000)
 Metaspace       used 62291K, capacity 64924K, committed 65024K, reserved 1105920K
  class space    used 8204K, capacity 8684K, committed 8704K, reserved 1048576K
}
Event: 3528.814 GC heap before
{Heap before GC invocations=23 (full 3):
 PSYoungGen      total 164864K, used 161577K [0x00000000e0000000, 0x00000000eea00000, 0x0000000100000000)
  eden space 144384K, 100% used [0x00000000e0000000,0x00000000e8d00000,0x00000000e8d00000)
  from space 20480K, 83% used [0x00000000e8d00000,0x00000000e9dca6a0,0x00000000ea100000)
  to   space 22016K, 0% used [0x00000000ed480000,0x00000000ed480000,0x00000000eea00000)
 ParOldGen       total 123904K, used 41570K [0x00000000a0000000, 0x00000000a7900000, 0x00000000e0000000)
  object space 123904K, 33% used [0x00000000a0000000,0x00000000a28988b0,0x00000000a7900000)
 Metaspace       used 62715K, capacity 65430K, committed 65664K, reserved 1105920K
  class space    used 8237K, capacity 8726K, committed 8832K, reserved 1048576K
Event: 3528.848 GC heap after
Heap after GC invocations=23 (full 3):
 PSYoungGen      total 215552K, used 18894K [0x00000000e0000000, 0x00000000eeb00000, 0x0000000100000000)
  eden space 193536K, 0% used [0x00000000e0000000,0x00000000e0000000,0x00000000ebd00000)
  from space 22016K, 85% used [0x00000000ed480000,0x00000000ee6f3918,0x00000000eea00000)
  to   space 23552K, 0% used [0x00000000ebd00000,0x00000000ebd00000,0x00000000ed400000)
 ParOldGen       total 123904K, used 44287K [0x00000000a0000000, 0x00000000a7900000, 0x00000000e0000000)
  object space 123904K, 35% used [0x00000000a0000000,0x00000000a2b3fd70,0x00000000a7900000)
 Metaspace       used 62715K, capacity 65430K, committed 65664K, reserved 1105920K
  class space    used 8237K, capacity 8726K, committed 8832K, reserved 1048576K
}
Event: 3835.672 GC heap before
{Heap before GC invocations=24 (full 3):
 PSYoungGen      total 215552K, used 212430K [0x00000000e0000000, 0x00000000eeb00000, 0x0000000100000000)
  eden space 193536K, 100% used [0x00000000e0000000,0x00000000ebd00000,0x00000000ebd00000)
  from space 22016K, 85% used [0x00000000ed480000,0x00000000ee6f3918,0x00000000eea00000)
  to   space 23552K, 0% used [0x00000000ebd00000,0x00000000ebd00000,0x00000000ed400000)
 ParOldGen       total 123904K, used 44287K [0x00000000a0000000, 0x00000000a7900000, 0x00000000e0000000)
  object space 123904K, 35% used [0x00000000a0000000,0x00000000a2b3fd70,0x00000000a7900000)
 Metaspace       used 66659K, capacity 69842K, committed 70016K, reserved 1110016K
  class space    used 8725K, capacity 9311K, committed 9344K, reserved 1048576K
Event: 3835.691 GC heap after
Heap after GC invocations=24 (full 3):
 PSYoungGen      total 217088K, used 7698K [0x00000000e0000000, 0x00000000f2880000, 0x0000000100000000)
  eden space 193536K, 0% used [0x00000000e0000000,0x00000000e0000000,0x00000000ebd00000)
  from space 23552K, 32% used [0x00000000ebd00000,0x00000000ec484a48,0x00000000ed400000)
  to   space 23552K, 0% used [0x00000000f1180000,0x00000000f1180000,0x00000000f2880000)
 ParOldGen       total 123904K, used 44931K [0x00000000a0000000, 0x00000000a7900000, 0x00000000e0000000)
  object space 123904K, 36% used [0x00000000a0000000,0x00000000a2be0de0,0x00000000a7900000)
 Metaspace       used 66659K, capacity 69842K, committed 70016K, reserved 1110016K
  class space    used 8725K, capacity 9311K, committed 9344K, reserved 1048576K
}
Event: 4049.834 GC heap before
{Heap before GC invocations=25 (full 3):
 PSYoungGen      total 217088K, used 201234K [0x00000000e0000000, 0x00000000f2880000, 0x0000000100000000)
  eden space 193536K, 100% used [0x00000000e0000000,0x00000000ebd00000,0x00000000ebd00000)
  from space 23552K, 32% used [0x00000000ebd00000,0x00000000ec484a48,0x00000000ed400000)
  to   space 23552K, 0% used [0x00000000f1180000,0x00000000f1180000,0x00000000f2880000)
 ParOldGen       total 123904K, used 44931K [0x00000000a0000000, 0x00000000a7900000, 0x00000000e0000000)
  object space 123904K, 36% used [0x00000000a0000000,0x00000000a2be0de0,0x00000000a7900000)
 Metaspace       used 67637K, capacity 71316K, committed 71424K, reserved 1112064K
  class space    used 8822K, capacity 9419K, committed 9472K, reserved 1048576K
Event: 4049.880 GC heap after
Heap after GC invocations=25 (full 3):
 PSYoungGen      total 270848K, used 8572K [0x00000000e0000000, 0x00000000f2300000, 0x0000000100000000)
  eden space 252928K, 0% used [0x00000000e0000000,0x00000000e0000000,0x00000000ef700000)
  from space 17920K, 47% used [0x00000000f1180000,0x00000000f19df070,0x00000000f2300000)
  to   space 22528K, 0% used [0x00000000ef700000,0x00000000ef700000,0x00000000f0d00000)
 ParOldGen       total 123904K, used 47943K [0x00000000a0000000, 0x00000000a7900000, 0x00000000e0000000)
  object space 123904K, 38% used [0x00000000a0000000,0x00000000a2ed1fd0,0x00000000a7900000)
 Metaspace       used 67637K, capacity 71316K, committed 71424K, reserved 1112064K
  class space    used 8822K, capacity 9419K, committed 9472K, reserved 1048576K
}
Event: 4098.500 GC heap before
{Heap before GC invocations=26 (full 3):
 PSYoungGen      total 270848K, used 261500K [0x00000000e0000000, 0x00000000f2300000, 0x0000000100000000)
  eden space 252928K, 100% used [0x00000000e0000000,0x00000000ef700000,0x00000000ef700000)
  from space 17920K, 47% used [0x00000000f1180000,0x00000000f19df070,0x00000000f2300000)
  to   space 22528K, 0% used [0x00000000ef700000,0x00000000ef700000,0x00000000f0d00000)
 ParOldGen       total 123904K, used 47943K [0x00000000a0000000, 0x00000000a7900000, 0x00000000e0000000)
  object space 123904K, 38% used [0x00000000a0000000,0x00000000a2ed1fd0,0x00000000a7900000)
 Metaspace       used 68748K, capacity 72736K, committed 72832K, reserved 1112064K
  class space    used 8912K, capacity 9549K, committed 9600K, reserved 1048576K
Event: 4098.531 GC heap after
Heap after GC invocations=26 (full 3):
 PSYoungGen      total 275456K, used 15442K [0x00000000e0000000, 0x00000000f6a00000, 0x0000000100000000)
  eden space 252928K, 0% used [0x00000000e0000000,0x00000000e0000000,0x00000000ef700000)
  from space 22528K, 68% used [0x00000000ef700000,0x00000000f06148f8,0x00000000f0d00000)
  to   space 23040K, 0% used [0x00000000f5380000,0x00000000f5380000,0x00000000f6a00000)
 ParOldGen       total 123904K, used 53213K [0x00000000a0000000, 0x00000000a7900000, 0x00000000e0000000)
  object space 123904K, 42% used [0x00000000a0000000,0x00000000a33f7688,0x00000000a7900000)
 Metaspace       used 68748K, capacity 72736K, committed 72832K, reserved 1112064K
  class space    used 8912K, capacity 9549K, committed 9600K, reserved 1048576K
}

