# JRE version: OpenJDK Runtime Environment (8.0_112-b06) (build 1.8.0_112-release-b06)
# Java VM: OpenJDK 64-Bit Server VM (25.112-b06 mixed mode windows-amd64 compressed oops)
Heap:
 PSYoungGen      total 201216K, used 79391K [0x00000000e0000000, 0x00000000ee480000, 0x0000000100000000)
  eden space 171520K, 38% used [0x00000000e0000000,0x00000000e40f5878,0x00000000ea780000)
  from space 29696K, 43% used [0x00000000ec780000,0x00000000ed412698,0x00000000ee480000)
  to   space 31232K, 0% used [0x00000000ea780000,0x00000000ea780000,0x00000000ec600000)
 ParOldGen       total 131072K, used 60120K [0x00000000a0000000, 0x00000000a8000000, 0x00000000e0000000)
  object space 131072K, 45% used [0x00000000a0000000,0x00000000a3ab62b8,0x00000000a8000000)
 Metaspace       used 72770K, capacity 76226K, committed 76416K, reserved 1116160K
  class space    used 9367K, capacity 10037K, committed 10112K, reserved 1048576K
GC Heap History (10 events):
Event: 7698.036 GC heap before
{Heap before GC invocations=21 (full 3):
 PSYoungGen      total 161280K, used 161269K [0x00000000e0000000, 0x00000000ec880000, 0x0000000100000000)
  eden space 130560K, 100% used [0x00000000e0000000,0x00000000e7f80000,0x00000000e7f80000)
  from space 30720K, 99% used [0x00000000e8380000,0x00000000ea17d540,0x00000000ea180000)
  to   space 37376K, 0% used [0x00000000ea400000,0x00000000ea400000,0x00000000ec880000)
 ParOldGen       total 131072K, used 56731K [0x00000000a0000000, 0x00000000a8000000, 0x00000000e0000000)
  object space 131072K, 43% used [0x00000000a0000000,0x00000000a3766fa8,0x00000000a8000000)
 Metaspace       used 70472K, capacity 73498K, committed 73728K, reserved 1114112K
  class space    used 9108K, capacity 9689K, committed 9728K, reserved 1048576K
Event: 7698.061 GC heap after
Heap after GC invocations=21 (full 3):
 PSYoungGen      total 156672K, used 13803K [0x00000000e0000000, 0x00000000ec180000, 0x0000000100000000)
  eden space 126464K, 0% used [0x00000000e0000000,0x00000000e0000000,0x00000000e7b80000)
  from space 30208K, 45% used [0x00000000ea400000,0x00000000eb17af90,0x00000000ec180000)
  to   space 35840K, 0% used [0x00000000e7b80000,0x00000000e7b80000,0x00000000e9e80000)
 ParOldGen       total 131072K, used 56739K [0x00000000a0000000, 0x00000000a8000000, 0x00000000e0000000)
  object space 131072K, 43% used [0x00000000a0000000,0x00000000a3768fa8,0x00000000a8000000)
 Metaspace       used 70472K, capacity 73498K, committed 73728K, reserved 1114112K
  class space    used 9108K, capacity 9689K, committed 9728K, reserved 1048576K
}
Event: 7714.020 GC heap before
{Heap before GC invocations=22 (full 3):
 PSYoungGen      total 156672K, used 139574K [0x00000000e0000000, 0x00000000ec180000, 0x0000000100000000)
  eden space 126464K, 99% used [0x00000000e0000000,0x00000000e7ad2b20,0x00000000e7b80000)
  from space 30208K, 45% used [0x00000000ea400000,0x00000000eb17af90,0x00000000ec180000)
  to   space 35840K, 0% used [0x00000000e7b80000,0x00000000e7b80000,0x00000000e9e80000)
 ParOldGen       total 131072K, used 56739K [0x00000000a0000000, 0x00000000a8000000, 0x00000000e0000000)
  object space 131072K, 43% used [0x00000000a0000000,0x00000000a3768fa8,0x00000000a8000000)
 Metaspace       used 71801K, capacity 75058K, committed 75264K, reserved 1114112K
  class space    used 9280K, capacity 9875K, committed 9984K, reserved 1048576K
Event: 7714.047 GC heap after
Heap after GC invocations=22 (full 3):
 PSYoungGen      total 141824K, used 18842K [0x00000000e0000000, 0x00000000ebc00000, 0x0000000100000000)
  eden space 122880K, 0% used [0x00000000e0000000,0x00000000e0000000,0x00000000e7800000)
  from space 18944K, 99% used [0x00000000e7b80000,0x00000000e8de6948,0x00000000e8e00000)
  to   space 34816K, 0% used [0x00000000e9a00000,0x00000000e9a00000,0x00000000ebc00000)
 ParOldGen       total 131072K, used 56755K [0x00000000a0000000, 0x00000000a8000000, 0x00000000e0000000)
  object space 131072K, 43% used [0x00000000a0000000,0x00000000a376cfa8,0x00000000a8000000)
 Metaspace       used 71801K, capacity 75058K, committed 75264K, reserved 1114112K
  class space    used 9280K, capacity 9875K, committed 9984K, reserved 1048576K
}
Event: 7714.104 GC heap before
{Heap before GC invocations=23 (full 3):
 PSYoungGen      total 141824K, used 141399K [0x00000000e0000000, 0x00000000ebc00000, 0x0000000100000000)
  eden space 122880K, 99% used [0x00000000e0000000,0x00000000e77af448,0x00000000e7800000)
  from space 18944K, 99% used [0x00000000e7b80000,0x00000000e8de6948,0x00000000e8e00000)
  to   space 34816K, 0% used [0x00000000e9a00000,0x00000000e9a00000,0x00000000ebc00000)
 ParOldGen       total 131072K, used 56755K [0x00000000a0000000, 0x00000000a8000000, 0x00000000e0000000)
  object space 131072K, 43% used [0x00000000a0000000,0x00000000a376cfa8,0x00000000a8000000)
 Metaspace       used 71806K, capacity 75058K, committed 75264K, reserved 1114112K
  class space    used 9280K, capacity 9875K, committed 9984K, reserved 1048576K
Event: 7714.120 GC heap after
Heap after GC invocations=23 (full 3):
 PSYoungGen      total 158720K, used 17897K [0x00000000e0000000, 0x00000000ee600000, 0x0000000100000000)
  eden space 123904K, 0% used [0x00000000e0000000,0x00000000e0000000,0x00000000e7900000)
  from space 34816K, 51% used [0x00000000e9a00000,0x00000000eab7a760,0x00000000ebc00000)
  to   space 33792K, 0% used [0x00000000e7900000,0x00000000e7900000,0x00000000e9a00000)
 ParOldGen       total 131072K, used 56763K [0x00000000a0000000, 0x00000000a8000000, 0x00000000e0000000)
  object space 131072K, 43% used [0x00000000a0000000,0x00000000a376efa8,0x00000000a8000000)
 Metaspace       used 71806K, capacity 75058K, committed 75264K, reserved 1114112K
  class space    used 9280K, capacity 9875K, committed 9984K, reserved 1048576K
}
Event: 7714.153 GC heap before
{Heap before GC invocations=24 (full 3):
 PSYoungGen      total 158720K, used 141581K [0x00000000e0000000, 0x00000000ee600000, 0x0000000100000000)
  eden space 123904K, 99% used [0x00000000e0000000,0x00000000e78c8e00,0x00000000e7900000)
  from space 34816K, 51% used [0x00000000e9a00000,0x00000000eab7a760,0x00000000ebc00000)
  to   space 33792K, 0% used [0x00000000e7900000,0x00000000e7900000,0x00000000e9a00000)
 ParOldGen       total 131072K, used 56763K [0x00000000a0000000, 0x00000000a8000000, 0x00000000e0000000)
  object space 131072K, 43% used [0x00000000a0000000,0x00000000a376efa8,0x00000000a8000000)
 Metaspace       used 71808K, capacity 75058K, committed 75264K, reserved 1114112K
  class space    used 9280K, capacity 9875K, committed 9984K, reserved 1048576K
Event: 7714.178 GC heap after
Heap after GC invocations=24 (full 3):
 PSYoungGen      total 157696K, used 17137K [0x00000000e0000000, 0x00000000ee700000, 0x0000000100000000)
  eden space 123904K, 0% used [0x00000000e0000000,0x00000000e0000000,0x00000000e7900000)
  from space 33792K, 50% used [0x00000000e7900000,0x00000000e89bc670,0x00000000e9a00000)
  to   space 32256K, 0% used [0x00000000ec780000,0x00000000ec780000,0x00000000ee700000)
 ParOldGen       total 131072K, used 57142K [0x00000000a0000000, 0x00000000a8000000, 0x00000000e0000000)
  object space 131072K, 43% used [0x00000000a0000000,0x00000000a37cd910,0x00000000a8000000)
 Metaspace       used 71808K, capacity 75058K, committed 75264K, reserved 1114112K
  class space    used 9280K, capacity 9875K, committed 9984K, reserved 1048576K
}
Event: 7723.171 GC heap before
{Heap before GC invocations=25 (full 3):
 PSYoungGen      total 157696K, used 141041K [0x00000000e0000000, 0x00000000ee700000, 0x0000000100000000)
  eden space 123904K, 100% used [0x00000000e0000000,0x00000000e7900000,0x00000000e7900000)
  from space 33792K, 50% used [0x00000000e7900000,0x00000000e89bc670,0x00000000e9a00000)
  to   space 32256K, 0% used [0x00000000ec780000,0x00000000ec780000,0x00000000ee700000)
 ParOldGen       total 131072K, used 57142K [0x00000000a0000000, 0x00000000a8000000, 0x00000000e0000000)
  object space 131072K, 43% used [0x00000000a0000000,0x00000000a37cd910,0x00000000a8000000)
 Metaspace       used 72482K, capacity 75972K, committed 76160K, reserved 1116160K
  class space    used 9349K, capacity 9996K, committed 10112K, reserved 1048576K
Event: 7723.203 GC heap after
Heap after GC invocations=25 (full 3):
 PSYoungGen      total 201216K, used 12873K [0x00000000e0000000, 0x00000000ee480000, 0x0000000100000000)
  eden space 171520K, 0% used [0x00000000e0000000,0x00000000e0000000,0x00000000ea780000)
  from space 29696K, 43% used [0x00000000ec780000,0x00000000ed412698,0x00000000ee480000)
  to   space 31232K, 0% used [0x00000000ea780000,0x00000000ea780000,0x00000000ec600000)
 ParOldGen       total 131072K, used 60120K [0x00000000a0000000, 0x00000000a8000000, 0x00000000e0000000)
  object space 131072K, 45% used [0x00000000a0000000,0x00000000a3ab62b8,0x00000000a8000000)
 Metaspace       used 72482K, capacity 75972K, committed 76160K, reserved 1116160K
  class space    used 9349K, capacity 9996K, committed 10112K, reserved 1048576K
}

