# JRE version: OpenJDK Runtime Environment (8.0_112-b06) (build 1.8.0_112-release-b06)
# Java VM: OpenJDK 64-Bit Server VM (25.112-b06 mixed mode windows-amd64 compressed oops)
Heap:
 PSYoungGen      total 238592K, used 36081K [0x00000000e0000000, 0x00000000f5900000, 0x0000000100000000)
  eden space 151040K, 23% used [0x00000000e0000000,0x00000000e233c698,0x00000000e9380000)
  from space 87552K, 0% used [0x00000000e9380000,0x00000000e9380000,0x00000000ee900000)
  to   space 85504K, 0% used [0x00000000f0580000,0x00000000f0580000,0x00000000f5900000)
 ParOldGen       total 419328K, used 204501K [0x00000000a0000000, 0x00000000b9980000, 0x00000000e0000000)
  object space 419328K, 48% used [0x00000000a0000000,0x00000000ac7b5730,0x00000000b9980000)
 Metaspace       used 65122K, capacity 68090K, committed 68224K, reserved 1107968K
  class space    used 8532K, capacity 9084K, committed 9088K, reserved 1048576K
GC Heap History (10 events):
Event: 234.586 GC heap before
{Heap before GC invocations=35 (full 3):
 PSYoungGen      total 184320K, used 170453K [0x00000000e0000000, 0x00000000f2d00000, 0x0000000100000000)
  eden space 102400K, 100% used [0x00000000e0000000,0x00000000e6400000,0x00000000e6400000)
  from space 81920K, 83% used [0x00000000e6400000,0x00000000ea675660,0x00000000eb400000)
  to   space 90112K, 0% used [0x00000000ed500000,0x00000000ed500000,0x00000000f2d00000)
 ParOldGen       total 209920K, used 89174K [0x00000000a0000000, 0x00000000acd00000, 0x00000000e0000000)
  object space 209920K, 42% used [0x00000000a0000000,0x00000000a5715b78,0x00000000acd00000)
 Metaspace       used 65095K, capacity 68096K, committed 68224K, reserved 1107968K
  class space    used 8532K, capacity 9085K, committed 9088K, reserved 1048576K
Event: 234.682 GC heap after
Heap after GC invocations=35 (full 3):
 PSYoungGen      total 215040K, used 58803K [0x00000000e0000000, 0x00000000f3300000, 0x0000000100000000)
  eden space 124928K, 0% used [0x00000000e0000000,0x00000000e0000000,0x00000000e7a00000)
  from space 90112K, 65% used [0x00000000ed500000,0x00000000f0e6ce78,0x00000000f2d00000)
  to   space 93184K, 0% used [0x00000000e7a00000,0x00000000e7a00000,0x00000000ed500000)
 ParOldGen       total 209920K, used 112219K [0x00000000a0000000, 0x00000000acd00000, 0x00000000e0000000)
  object space 209920K, 53% used [0x00000000a0000000,0x00000000a6d96ed0,0x00000000acd00000)
 Metaspace       used 65095K, capacity 68096K, committed 68224K, reserved 1107968K
  class space    used 8532K, capacity 9085K, committed 9088K, reserved 1048576K
}
Event: 235.241 GC heap before
{Heap before GC invocations=36 (full 3):
 PSYoungGen      total 215040K, used 183731K [0x00000000e0000000, 0x00000000f3300000, 0x0000000100000000)
  eden space 124928K, 100% used [0x00000000e0000000,0x00000000e7a00000,0x00000000e7a00000)
  from space 90112K, 65% used [0x00000000ed500000,0x00000000f0e6ce78,0x00000000f2d00000)
  to   space 93184K, 0% used [0x00000000e7a00000,0x00000000e7a00000,0x00000000ed500000)
 ParOldGen       total 209920K, used 112219K [0x00000000a0000000, 0x00000000acd00000, 0x00000000e0000000)
  object space 209920K, 53% used [0x00000000a0000000,0x00000000a6d96ed0,0x00000000acd00000)
 Metaspace       used 65119K, capacity 68096K, committed 68224K, reserved 1107968K
  class space    used 8532K, capacity 9085K, committed 9088K, reserved 1048576K
Event: 235.319 GC heap after
Heap after GC invocations=36 (full 3):
 PSYoungGen      total 218112K, used 52265K [0x00000000e0000000, 0x00000000f4880000, 0x0000000100000000)
  eden space 124928K, 0% used [0x00000000e0000000,0x00000000e0000000,0x00000000e7a00000)
  from space 93184K, 56% used [0x00000000e7a00000,0x00000000ead0a420,0x00000000ed500000)
  to   space 92672K, 0% used [0x00000000eee00000,0x00000000eee00000,0x00000000f4880000)
 ParOldGen       total 209920K, used 138475K [0x00000000a0000000, 0x00000000acd00000, 0x00000000e0000000)
  object space 209920K, 65% used [0x00000000a0000000,0x00000000a873aff8,0x00000000acd00000)
 Metaspace       used 65119K, capacity 68096K, committed 68224K, reserved 1107968K
  class space    used 8532K, capacity 9085K, committed 9088K, reserved 1048576K
}
Event: 235.762 GC heap before
{Heap before GC invocations=37 (full 3):
 PSYoungGen      total 218112K, used 177193K [0x00000000e0000000, 0x00000000f4880000, 0x0000000100000000)
  eden space 124928K, 100% used [0x00000000e0000000,0x00000000e7a00000,0x00000000e7a00000)
  from space 93184K, 56% used [0x00000000e7a00000,0x00000000ead0a420,0x00000000ed500000)
  to   space 92672K, 0% used [0x00000000eee00000,0x00000000eee00000,0x00000000f4880000)
 ParOldGen       total 209920K, used 138475K [0x00000000a0000000, 0x00000000acd00000, 0x00000000e0000000)
  object space 209920K, 65% used [0x00000000a0000000,0x00000000a873aff8,0x00000000acd00000)
 Metaspace       used 65121K, capacity 68096K, committed 68224K, reserved 1107968K
  class space    used 8532K, capacity 9085K, committed 9088K, reserved 1048576K
Event: 235.861 GC heap after
Heap after GC invocations=37 (full 3):
 PSYoungGen      total 233472K, used 40226K [0x00000000e0000000, 0x00000000f3e80000, 0x0000000100000000)
  eden space 151040K, 0% used [0x00000000e0000000,0x00000000e0000000,0x00000000e9380000)
  from space 82432K, 48% used [0x00000000eee00000,0x00000000f1548aa0,0x00000000f3e80000)
  to   space 87552K, 0% used [0x00000000e9380000,0x00000000e9380000,0x00000000ee900000)
 ParOldGen       total 209920K, used 169947K [0x00000000a0000000, 0x00000000acd00000, 0x00000000e0000000)
  object space 209920K, 80% used [0x00000000a0000000,0x00000000aa5f6d58,0x00000000acd00000)
 Metaspace       used 65121K, capacity 68096K, committed 68224K, reserved 1107968K
  class space    used 8532K, capacity 9085K, committed 9088K, reserved 1048576K
}
Event: 236.372 GC heap before
{Heap before GC invocations=38 (full 3):
 PSYoungGen      total 233472K, used 191266K [0x00000000e0000000, 0x00000000f3e80000, 0x0000000100000000)
  eden space 151040K, 100% used [0x00000000e0000000,0x00000000e9380000,0x00000000e9380000)
  from space 82432K, 48% used [0x00000000eee00000,0x00000000f1548aa0,0x00000000f3e80000)
  to   space 87552K, 0% used [0x00000000e9380000,0x00000000e9380000,0x00000000ee900000)
 ParOldGen       total 209920K, used 169947K [0x00000000a0000000, 0x00000000acd00000, 0x00000000e0000000)
  object space 209920K, 80% used [0x00000000a0000000,0x00000000aa5f6d58,0x00000000acd00000)
 Metaspace       used 65122K, capacity 68096K, committed 68224K, reserved 1107968K
  class space    used 8532K, capacity 9085K, committed 9088K, reserved 1048576K
Event: 236.445 GC heap after
Heap after GC invocations=38 (full 3):
 PSYoungGen      total 238592K, used 25380K [0x00000000e0000000, 0x00000000f5900000, 0x0000000100000000)
  eden space 151040K, 0% used [0x00000000e0000000,0x00000000e0000000,0x00000000e9380000)
  from space 87552K, 28% used [0x00000000e9380000,0x00000000eac493a0,0x00000000ee900000)
  to   space 85504K, 0% used [0x00000000f0580000,0x00000000f0580000,0x00000000f5900000)
 ParOldGen       total 209920K, used 209302K [0x00000000a0000000, 0x00000000acd00000, 0x00000000e0000000)
  object space 209920K, 99% used [0x00000000a0000000,0x00000000acc65a88,0x00000000acd00000)
 Metaspace       used 65122K, capacity 68096K, committed 68224K, reserved 1107968K
  class space    used 8532K, capacity 9085K, committed 9088K, reserved 1048576K
}
Event: 236.445 GC heap before
{Heap before GC invocations=39 (full 4):
 PSYoungGen      total 238592K, used 25380K [0x00000000e0000000, 0x00000000f5900000, 0x0000000100000000)
  eden space 151040K, 0% used [0x00000000e0000000,0x00000000e0000000,0x00000000e9380000)
  from space 87552K, 28% used [0x00000000e9380000,0x00000000eac493a0,0x00000000ee900000)
  to   space 85504K, 0% used [0x00000000f0580000,0x00000000f0580000,0x00000000f5900000)
 ParOldGen       total 209920K, used 209302K [0x00000000a0000000, 0x00000000acd00000, 0x00000000e0000000)
  object space 209920K, 99% used [0x00000000a0000000,0x00000000acc65a88,0x00000000acd00000)
 Metaspace       used 65122K, capacity 68096K, committed 68224K, reserved 1107968K
  class space    used 8532K, capacity 9085K, committed 9088K, reserved 1048576K
Event: 237.662 GC heap after
Heap after GC invocations=39 (full 4):
 PSYoungGen      total 238592K, used 0K [0x00000000e0000000, 0x00000000f5900000, 0x0000000100000000)
  eden space 151040K, 0% used [0x00000000e0000000,0x00000000e0000000,0x00000000e9380000)
  from space 87552K, 0% used [0x00000000e9380000,0x00000000e9380000,0x00000000ee900000)
  to   space 85504K, 0% used [0x00000000f0580000,0x00000000f0580000,0x00000000f5900000)
 ParOldGen       total 419328K, used 204501K [0x00000000a0000000, 0x00000000b9980000, 0x00000000e0000000)
  object space 419328K, 48% used [0x00000000a0000000,0x00000000ac7b5730,0x00000000b9980000)
 Metaspace       used 65120K, capacity 68090K, committed 68224K, reserved 1107968K
  class space    used 8532K, capacity 9084K, committed 9088K, reserved 1048576K
}

